<testsuites name="jest tests" tests="2" failures="0" time="0.882">
  <testsuite name="true is truthy and false is falsy" errors="0" failures="0" skipped="0" timestamp="2021-02-05T13:00:10" time="0.882" tests="2">
    <testcase classname="true is truthy and false is falsy true is truthy" name="true is truthy and false is falsy true is truthy" time="0.002">
    </testcase>
    <testcase classname="true is truthy and false is falsy false is falsy" name="true is truthy and false is falsy false is falsy" time="0">
    </testcase>
  </testsuite>
</testsuites>